C51 COMPILER V9.60.0.0   1_SENDING_00_TO_FF_THROUGH_PORT1                                  05/02/2020 22:42:23 PAGE 1   


C51 COMPILER V9.60.0.0, COMPILATION OF MODULE 1_SENDING_00_TO_FF_THROUGH_PORT1
OBJECT MODULE PLACED IN .\Objects\1_Sending_00_to_FF_through_PORT1.obj
COMPILER INVOKED BY: C:\Keil_v5\C51\BIN\C51.EXE 1_Sending_00_to_FF_through_PORT1.c OPTIMIZE(8,SPEED) BROWSE DEBUG OBJECT
                    -EXTEND PRINT(.\Listings\1_Sending_00_to_FF_through_PORT1.lst) TABS(2) OBJECT(.\Objects\1_Sending_00_to_FF_through_PORT1.
                    -obj)

line level    source

   1          #include<reg51.h>
   2          void main(void)
   3          {
   4   1        unsigned char z;
   5   1        z=0;
   6   1        for(z=0;z<=255;z++)
   7   1        P1 = z;
   8   1      }


MODULE INFORMATION:   STATIC OVERLAYABLE
   CODE SIZE        =     18    ----
   CONSTANT SIZE    =   ----    ----
   XDATA SIZE       =   ----    ----
   PDATA SIZE       =   ----    ----
   DATA SIZE        =   ----    ----
   IDATA SIZE       =   ----    ----
   BIT SIZE         =   ----    ----
END OF MODULE INFORMATION.


C51 COMPILATION COMPLETE.  0 WARNING(S),  0 ERROR(S)
